[20:38:11] [main/INFO]: Loading Minecraft 1.21.1 with Fabric Loader 0.18.2
[20:38:11] [main/INFO]: Fabric is preparing JARs on first launch, this may take a few seconds...
[20:38:11] [main/INFO]: Loading 4 mods:
	- fabricloader 0.18.2
	   \-- mixinextras 0.5.0
	- java 21
	- minecraft 1.21.1
[20:38:11] [main/INFO]: SpongePowered MIXIN Subsystem Version=0.8.7 Source=file:/workspaces/minepsico-/servidor_minecraft/libraries/net/fabricmc/sponge-mixin/0.16.5+mixin.0.8.7/sponge-mixin-0.16.5+mixin.0.8.7.jar Service=Knot/Fabric Env=SERVER
[20:38:16] [main/INFO]: Environment: Environment[sessionHost=https://sessionserver.mojang.com, servicesHost=https://api.minecraftservices.com, name=PROD]
[20:38:17] [main/INFO]: No existing world data, creating new world
[20:38:17] [main/INFO]: Loaded 1290 recipes
[20:38:17] [main/INFO]: Loaded 1399 advancements
[20:38:19] [Server thread/INFO]: Starting minecraft server version 1.21.1
[20:38:19] [Server thread/INFO]: Loading properties
[20:38:19] [Server thread/INFO]: Default game type: SURVIVAL
[20:38:19] [Server thread/INFO]: Generating keypair
[20:38:19] [Server thread/INFO]: Starting Minecraft server on *:25565
[20:38:19] [Server thread/INFO]: Using epoll channel type
[20:38:19] [Server thread/WARN]: **** SERVER IS RUNNING IN OFFLINE/INSECURE MODE!
[20:38:19] [Server thread/WARN]: The server will make no attempt to authenticate usernames. Beware.
[20:38:19] [Server thread/WARN]: While this makes the game possible to play without internet access, it also opens up the ability for hackers to connect with any username they choose.
[20:38:19] [Server thread/WARN]: To change this, set "online-mode" to "true" in the server.properties file.
[20:38:19] [Server thread/INFO]: Preparing level "world"
[20:38:24] [Server thread/INFO]: Preparing start region for dimension minecraft:overworld
[20:38:24] [Worker-Main-3/INFO]: Preparing spawn area: 2%
[20:38:25] [Worker-Main-1/INFO]: Preparing spawn area: 2%
[20:38:25] [Worker-Main-2/INFO]: Preparing spawn area: 2%
[20:38:26] [Worker-Main-2/INFO]: Preparing spawn area: 2%
[20:38:26] [Worker-Main-2/INFO]: Preparing spawn area: 18%
[20:38:27] [Worker-Main-3/INFO]: Preparing spawn area: 18%
[20:38:27] [Worker-Main-1/INFO]: Preparing spawn area: 51%
[20:38:28] [Worker-Main-3/INFO]: Preparing spawn area: 51%
[20:38:29] [Server thread/INFO]: Time elapsed: 4120 ms
[20:38:29] [Server thread/INFO]: Done (9.597s)! For help, type "help"
[20:42:01] [Server thread/INFO]: Unknown or incomplete command, see below for error
[20:42:01] [Server thread/INFO]: finish<--[HERE]
[20:42:04] [Server thread/INFO]: Stopping the server
[20:42:04] [Server thread/INFO]: Stopping server
[20:42:04] [Server thread/INFO]: Saving players
[20:42:04] [Server thread/INFO]: Saving worlds
[20:42:05] [Server thread/INFO]: Saving chunks for level 'ServerLevel[world]'/minecraft:overworld
[20:42:06] [Server thread/INFO]: Saving chunks for level 'ServerLevel[world]'/minecraft:the_end
[20:42:06] [Server thread/INFO]: Saving chunks for level 'ServerLevel[world]'/minecraft:the_nether
[20:42:06] [Server thread/INFO]: ThreadedAnvilChunkStorage (world): All chunks are saved
[20:42:06] [Server thread/INFO]: ThreadedAnvilChunkStorage (DIM1): All chunks are saved
[20:42:06] [Server thread/INFO]: ThreadedAnvilChunkStorage (DIM-1): All chunks are saved
[20:42:06] [Server thread/INFO]: ThreadedAnvilChunkStorage: All dimensions are saved
